{"C:\\Users\\versa\\Documents\\IPSSI\\2024-25\\HACKATHON\\Edifis-Pro\\backend\\config\\sequelize.js": {"path":"C:\\Users\\versa\\Documents\\IPSSI\\2024-25\\HACKATHON\\Edifis-Pro\\backend\\config\\sequelize.js","statementMap":{"0":{"start":{"line":1,"column":18},"end":{"line":1,"column":39}},"1":{"start":{"line":2,"column":13},"end":{"line":2,"column":28}},"2":{"start":{"line":3,"column":15},"end":{"line":3,"column":32}},"3":{"start":{"line":5,"column":0},"end":{"line":5,"column":63}},"4":{"start":{"line":8,"column":0},"end":{"line":8,"column":27}},"5":{"start":{"line":11,"column":15},"end":{"line":23,"column":1}},"6":{"start":{"line":12,"column":2},"end":{"line":22,"column":3}},"7":{"start":{"line":13,"column":4},"end":{"line":13,"column":35}},"8":{"start":{"line":14,"column":4},"end":{"line":14,"column":61}},"9":{"start":{"line":17,"column":4},"end":{"line":17,"column":42}},"10":{"start":{"line":18,"column":4},"end":{"line":18,"column":67}},"11":{"start":{"line":20,"column":4},"end":{"line":20,"column":72}},"12":{"start":{"line":21,"column":4},"end":{"line":21,"column":20}},"13":{"start":{"line":25,"column":0},"end":{"line":25,"column":24}}},"fnMap":{"0":{"name":"(anonymous_0)","decl":{"start":{"line":11,"column":15},"end":{"line":11,"column":20}},"loc":{"start":{"line":11,"column":26},"end":{"line":23,"column":1}}}},"branchMap":{},"s":{"0":1,"1":1,"2":1,"3":1,"4":1,"5":1,"6":2,"7":2,"8":1,"9":1,"10":1,"11":1,"12":1,"13":1},"f":{"0":2},"b":{}}
,"C:\\Users\\versa\\Documents\\IPSSI\\2024-25\\HACKATHON\\Edifis-Pro\\backend\\middlewares\\auth.middleware.js": {"path":"C:\\Users\\versa\\Documents\\IPSSI\\2024-25\\HACKATHON\\Edifis-Pro\\backend\\middlewares\\auth.middleware.js","statementMap":{"0":{"start":{"line":1,"column":12},"end":{"line":1,"column":35}},"1":{"start":{"line":4,"column":16},"end":{"line":21,"column":1}},"2":{"start":{"line":5,"column":4},"end":{"line":20,"column":5}},"3":{"start":{"line":7,"column":22},"end":{"line":7,"column":62}},"4":{"start":{"line":9,"column":8},"end":{"line":11,"column":9}},"5":{"start":{"line":10,"column":12},"end":{"line":10,"column":85}},"6":{"start":{"line":14,"column":24},"end":{"line":14,"column":65}},"7":{"start":{"line":16,"column":8},"end":{"line":16,"column":27}},"8":{"start":{"line":17,"column":8},"end":{"line":17,"column":15}},"9":{"start":{"line":19,"column":8},"end":{"line":19,"column":60}},"10":{"start":{"line":23,"column":0},"end":{"line":23,"column":25}}},"fnMap":{"0":{"name":"(anonymous_0)","decl":{"start":{"line":4,"column":16},"end":{"line":4,"column":17}},"loc":{"start":{"line":4,"column":35},"end":{"line":21,"column":1}}}},"branchMap":{"0":{"loc":{"start":{"line":9,"column":8},"end":{"line":11,"column":9}},"type":"if","locations":[{"start":{"line":9,"column":8},"end":{"line":11,"column":9}}]}},"s":{"0":1,"1":1,"2":3,"3":3,"4":3,"5":1,"6":2,"7":1,"8":1,"9":1,"10":1},"f":{"0":3},"b":{"0":[1]}}
}
