<?xml version="1.0" encoding="UTF-8"?>
<coverage generated="1741107152694" clover="3.2.0">
  <project timestamp="1741107152696" name="All files">
    <metrics statements="14" coveredstatements="14" conditionals="5" coveredconditionals="3" methods="2" coveredmethods="2" elements="21" coveredelements="19" complexity="0" loc="14" ncloc="14" packages="1" files="2" classes="2"/>
    <file name="apiService.ts" path="C:\Users\versa\Documents\IPSSI\2024-25\HACKATHON\Edifis-Pro\frontend\edifis-pro\services\apiService.ts">
      <metrics statements="10" coveredstatements="10" conditionals="5" coveredconditionals="3" methods="1" coveredmethods="1"/>
      <line num="2" count="2" type="stmt"/>
      <line num="4" count="2" type="stmt"/>
      <line num="6" count="3" type="stmt"/>
      <line num="7" count="3" type="stmt"/>
      <line num="15" count="2" type="cond" truecount="1" falsecount="0"/>
      <line num="16" count="1" type="stmt"/>
      <line num="17" count="1" type="cond" truecount="1" falsecount="1"/>
      <line num="20" count="1" type="stmt"/>
      <line num="22" count="2" type="cond" truecount="1" falsecount="1"/>
      <line num="27" count="2" type="stmt"/>
    </file>
    <file name="authService.ts" path="C:\Users\versa\Documents\IPSSI\2024-25\HACKATHON\Edifis-Pro\frontend\edifis-pro\services\authService.ts">
      <metrics statements="4" coveredstatements="4" conditionals="0" coveredconditionals="0" methods="1" coveredmethods="1"/>
      <line num="1" count="1" type="stmt"/>
      <line num="4" count="1" type="stmt"/>
      <line num="6" count="1" type="stmt"/>
      <line num="10" count="1" type="stmt"/>
    </file>
  </project>
</coverage>
