{"C:\\Users\\versa\\Documents\\IPSSI\\2024-25\\HACKATHON\\Edifis-Pro\\frontend\\edifis-pro\\services\\apiService.ts": {"path":"C:\\Users\\versa\\Documents\\IPSSI\\2024-25\\HACKATHON\\Edifis-Pro\\frontend\\edifis-pro\\services\\apiService.ts","statementMap":{"0":{"start":{"line":2,"column":21},"end":{"line":2,"column":48}},"1":{"start":{"line":4,"column":19},"end":{"line":25,"column":2}},"2":{"start":{"line":6,"column":8},"end":{"line":23,"column":9}},"3":{"start":{"line":7,"column":29},"end":{"line":13,"column":14}},"4":{"start":{"line":15,"column":12},"end":{"line":18,"column":13}},"5":{"start":{"line":16,"column":34},"end":{"line":16,"column":55}},"6":{"start":{"line":17,"column":16},"end":{"line":17,"column":80}},"7":{"start":{"line":20,"column":12},"end":{"line":20,"column":41}},"8":{"start":{"line":22,"column":12},"end":{"line":22,"column":68}},"9":{"start":{"line":27,"column":0},"end":{"line":27,"column":26}}},"fnMap":{"0":{"name":"(anonymous_0)","decl":{"start":{"line":5,"column":10},"end":{"line":5,"column":15}},"loc":{"start":{"line":5,"column":63},"end":{"line":24,"column":5}}}},"branchMap":{"0":{"loc":{"start":{"line":15,"column":12},"end":{"line":18,"column":13}},"type":"if","locations":[{"start":{"line":15,"column":12},"end":{"line":18,"column":13}}]},"1":{"loc":{"start":{"line":17,"column":32},"end":{"line":17,"column":78}},"type":"binary-expr","locations":[{"start":{"line":17,"column":32},"end":{"line":17,"column":49}},{"start":{"line":17,"column":53},"end":{"line":17,"column":78}}]},"2":{"loc":{"start":{"line":22,"column":18},"end":{"line":22,"column":67}},"type":"binary-expr","locations":[{"start":{"line":22,"column":18},"end":{"line":22,"column":31}},{"start":{"line":22,"column":35},"end":{"line":22,"column":67}}]}},"s":{"0":2,"1":2,"2":3,"3":3,"4":2,"5":1,"6":1,"7":1,"8":2,"9":2},"f":{"0":3},"b":{"0":[1],"1":[1,0],"2":[2,0]}}
,"C:\\Users\\versa\\Documents\\IPSSI\\2024-25\\HACKATHON\\Edifis-Pro\\frontend\\edifis-pro\\services\\authService.ts": {"path":"C:\\Users\\versa\\Documents\\IPSSI\\2024-25\\HACKATHON\\Edifis-Pro\\frontend\\edifis-pro\\services\\authService.ts","statementMap":{"0":{"start":{"line":1,"column":0},"end":{"line":1,"column":38}},"1":{"start":{"line":4,"column":20},"end":{"line":8,"column":2}},"2":{"start":{"line":6,"column":8},"end":{"line":6,"column":73}},"3":{"start":{"line":10,"column":0},"end":{"line":10,"column":27}}},"fnMap":{"0":{"name":"(anonymous_0)","decl":{"start":{"line":5,"column":11},"end":{"line":5,"column":16}},"loc":{"start":{"line":5,"column":60},"end":{"line":7,"column":5}}}},"branchMap":{},"s":{"0":1,"1":1,"2":1,"3":1},"f":{"0":1},"b":{}}
}
